TN:
SF:server/app.js
FN:18,createApp
FN:18,(anonymous_1)
FN:25,(anonymous_2)
FN:35,(anonymous_3)
FN:36,(anonymous_4)
FN:37,(anonymous_5)
FNF:6
FNH:3
FNDA:10,createApp
FNDA:1,(anonymous_1)
FNDA:1,(anonymous_2)
FNDA:0,(anonymous_3)
FNDA:0,(anonymous_4)
FNDA:0,(anonymous_5)
DA:12,2
DA:13,2
DA:14,2
DA:16,2
DA:18,1
DA:19,10
DA:21,10
DA:22,10
DA:23,10
DA:25,10
DA:26,1
DA:27,1
DA:35,10
DA:36,10
DA:37,10
DA:39,10
DA:42,2
LF:17
LH:17
BRDA:18,0,0,9
BRF:1
BRH:1
end_of_record
TN:
SF:server/domain/timerState.js
FN:14,create
FN:25,tick
FN:38,start
FN:46,pause
FN:52,resume
FN:58,reset
FN:67,setTime
FN:92,alertLevel
FNF:8
FNH:8
FNDA:52,create
FNDA:20,tick
FNDA:15,start
FNDA:6,pause
FNDA:4,resume
FNDA:4,reset
FNDA:18,setTime
FNDA:94,alertLevel
DA:15,52
DA:26,20
DA:27,2
DA:29,18
DA:30,18
DA:39,15
DA:40,14
DA:41,3
DA:42,11
DA:47,6
DA:48,4
DA:53,4
DA:54,3
DA:59,4
DA:68,18
DA:69,4
DA:70,14
DA:93,94
DA:94,88
DA:95,84
DA:96,84
DA:97,82
DA:98,80
DA:101,4
LF:24
LH:24
BRDA:14,0,0,26
BRDA:26,1,0,2
BRDA:26,1,1,18
BRDA:33,2,0,3
BRDA:33,2,1,15
BRDA:39,3,0,1
BRDA:39,3,1,14
BRDA:40,4,0,3
BRDA:40,4,1,11
BRDA:40,5,0,14
BRDA:40,5,1,13
BRDA:47,6,0,2
BRDA:47,6,1,4
BRDA:53,7,0,1
BRDA:53,7,1,3
BRDA:68,8,0,4
BRDA:68,8,1,14
BRDA:68,9,0,18
BRDA:68,9,1,16
BRDA:75,10,0,13
BRDA:75,10,1,1
BRDA:93,11,0,6
BRDA:93,11,1,88
BRDA:93,12,0,94
BRDA:93,12,1,93
BRDA:94,13,0,4
BRDA:94,13,1,84
BRDA:96,14,0,2
BRDA:96,14,1,82
BRDA:97,15,0,2
BRDA:97,15,1,80
BRF:31
BRH:31
end_of_record
TN:
SF:server/infra/fileStatePersistence.js
FN:22,load
FN:40,save
FNF:2
FNH:2
FNDA:3,load
FNDA:2,save
DA:9,1
DA:10,1
DA:11,1
DA:13,1
DA:23,3
DA:24,3
DA:25,1
DA:27,2
DA:28,1
DA:30,2
DA:41,2
DA:42,2
DA:43,2
DA:45,1
DA:49,1
LF:15
LH:15
BRDA:27,0,0,1
BRDA:27,0,1,1
BRF:2
BRH:2
end_of_record
TN:
SF:server/infra/intervalTick.js
FN:11,IntervalTick
FN:15,(anonymous_1)
FN:19,(anonymous_2)
FN:24,(anonymous_3)
FNF:4
FNH:4
FNDA:19,IntervalTick
FNDA:11,(anonymous_1)
FNDA:7,(anonymous_2)
FNDA:11,(anonymous_3)
DA:12,19
DA:14,19
DA:16,11
DA:17,11
DA:20,7
DA:21,7
DA:22,7
DA:25,11
DA:30,3
LF:9
LH:9
BRDA:16,0,0,0
BRDA:16,0,1,11
BRDA:20,1,0,0
BRDA:20,1,1,7
BRF:4
BRH:2
end_of_record
TN:
SF:server/infra/logger.js
FNF:0
FNH:0
DA:16,3
DA:18,3
DA:19,3
DA:21,3
DA:23,3
DA:25,3
LF:6
LH:6
BRDA:21,0,0,3
BRDA:21,0,1,0
BRDA:21,1,0,0
BRDA:21,1,1,0
BRDA:23,2,0,3
BRDA:23,2,1,3
BRF:6
BRH:3
end_of_record
TN:
SF:server/infra/wsBroadcaster.js
FN:17,WsBroadcaster
FN:20,(anonymous_1)
FN:24,(anonymous_2)
FN:29,broadcast
FN:31,(anonymous_4)
FN:36,connectedCount
FNF:6
FNH:5
FNDA:1,WsBroadcaster
FNDA:4,(anonymous_1)
FNDA:2,(anonymous_2)
FNDA:4,broadcast
FNDA:5,(anonymous_4)
FNDA:0,connectedCount
DA:14,1
DA:15,1
DA:18,1
DA:20,1
DA:21,4
DA:22,4
DA:24,4
DA:25,2
DA:30,4
DA:31,4
DA:32,5
DA:37,0
DA:40,1
DA:43,1
LF:14
LH:13
BRDA:32,0,0,3
BRDA:32,0,1,2
BRF:2
BRH:2
end_of_record
TN:
SF:server/routes/timerRouter.js
FN:13,timerRouter
FN:16,(anonymous_1)
FN:20,(anonymous_2)
FNF:3
FNH:3
FNDA:10,timerRouter
FNDA:2,(anonymous_1)
FNDA:15,(anonymous_2)
DA:10,2
DA:11,2
DA:14,10
DA:16,10
DA:17,2
DA:20,10
DA:21,15
DA:22,15
DA:23,15
DA:24,15
DA:25,12
DA:27,3
DA:28,3
DA:32,10
DA:35,2
LF:15
LH:15
BRDA:21,0,0,15
BRDA:21,0,1,0
BRF:2
BRH:1
end_of_record
TN:
SF:server/usecases/timerService.js
FN:17,(anonymous_0)
FN:18,(anonymous_1)
FN:19,(anonymous_2)
FN:20,(anonymous_3)
FN:21,(anonymous_4)
FN:24,TimerService
FN:24,(anonymous_6)
FN:33,publicState
FN:37,notifyAndSave
FN:42,onTick
FN:50,getState
FN:54,execute
FNF:12
FNH:12
FNDA:11,(anonymous_0)
FNDA:3,(anonymous_1)
FNDA:2,(anonymous_2)
FNDA:2,(anonymous_3)
FNDA:12,(anonymous_4)
FNDA:19,TimerService
FNDA:35,(anonymous_6)
FNDA:86,publicState
FNDA:41,notifyAndSave
FNDA:14,onTick
FNDA:18,getState
FNDA:32,execute
DA:13,3
DA:14,3
DA:16,3
DA:17,11
DA:18,3
DA:19,2
DA:20,2
DA:21,12
DA:25,19
DA:26,19
DA:34,86
DA:38,41
DA:39,41
DA:43,14
DA:44,14
DA:45,14
DA:48,19
DA:51,18
DA:55,32
DA:56,32
DA:58,30
DA:59,30
DA:61,27
DA:62,27
DA:64,27
DA:65,27
DA:67,27
DA:68,27
DA:71,19
DA:74,3
LF:30
LH:30
BRDA:24,0,0,17
BRDA:44,1,0,1
BRDA:44,1,1,13
BRDA:54,2,0,11
BRDA:56,3,0,2
BRDA:56,3,1,30
BRDA:64,4,0,11
BRDA:64,4,1,16
BRDA:64,5,0,27
BRDA:64,5,1,11
BRDA:65,6,0,6
BRDA:65,6,1,21
BRDA:65,7,0,27
BRDA:65,7,1,16
BRF:14
BRH:14
end_of_record
