TN:
SF:server/app.js
FN:18,createApp
FN:18,(anonymous_1)
FN:25,(anonymous_2)
FN:35,(anonymous_3)
FN:36,(anonymous_4)
FN:37,(anonymous_5)
FNF:6
FNH:3
FNDA:9,createApp
FNDA:1,(anonymous_1)
FNDA:1,(anonymous_2)
FNDA:0,(anonymous_3)
FNDA:0,(anonymous_4)
FNDA:0,(anonymous_5)
DA:12,2
DA:13,2
DA:14,2
DA:16,2
DA:18,1
DA:19,9
DA:21,9
DA:22,9
DA:23,9
DA:25,9
DA:26,1
DA:27,1
DA:35,9
DA:36,9
DA:37,9
DA:39,9
DA:42,2
LF:17
LH:17
BRDA:18,0,0,8
BRF:1
BRH:1
end_of_record
TN:
SF:server/domain/timerState.js
FN:13,create
FN:24,tick
FN:37,start
FN:45,pause
FN:51,resume
FN:57,reset
FN:66,setTime
FNF:7
FNH:7
FNDA:43,create
FNDA:20,tick
FNDA:15,start
FNDA:6,pause
FNDA:4,resume
FNDA:4,reset
FNDA:18,setTime
DA:14,43
DA:25,20
DA:26,2
DA:28,18
DA:29,18
DA:38,15
DA:39,14
DA:40,3
DA:41,11
DA:46,6
DA:47,4
DA:52,4
DA:53,3
DA:58,4
DA:67,18
DA:68,4
DA:69,14
DA:78,4
LF:18
LH:18
BRDA:13,0,0,24
BRDA:25,1,0,2
BRDA:25,1,1,18
BRDA:32,2,0,3
BRDA:32,2,1,15
BRDA:38,3,0,1
BRDA:38,3,1,14
BRDA:39,4,0,3
BRDA:39,4,1,11
BRDA:39,5,0,14
BRDA:39,5,1,13
BRDA:46,6,0,2
BRDA:46,6,1,4
BRDA:52,7,0,1
BRDA:52,7,1,3
BRDA:67,8,0,4
BRDA:67,8,1,14
BRDA:67,9,0,18
BRDA:67,9,1,16
BRDA:74,10,0,13
BRDA:74,10,1,1
BRF:21
BRH:21
end_of_record
TN:
SF:server/infra/fileStatePersistence.js
FN:22,load
FN:40,save
FNF:2
FNH:2
FNDA:3,load
FNDA:2,save
DA:9,1
DA:10,1
DA:11,1
DA:13,1
DA:23,3
DA:24,3
DA:25,1
DA:27,2
DA:28,1
DA:30,2
DA:41,2
DA:42,2
DA:43,2
DA:45,1
DA:49,1
LF:15
LH:15
BRDA:27,0,0,1
BRDA:27,0,1,1
BRF:2
BRH:2
end_of_record
TN:
SF:server/infra/intervalTick.js
FN:11,IntervalTick
FN:15,(anonymous_1)
FN:19,(anonymous_2)
FN:24,(anonymous_3)
FNF:4
FNH:4
FNDA:18,IntervalTick
FNDA:11,(anonymous_1)
FNDA:7,(anonymous_2)
FNDA:11,(anonymous_3)
DA:12,18
DA:14,18
DA:16,11
DA:17,11
DA:20,7
DA:21,7
DA:22,7
DA:25,11
DA:30,3
LF:9
LH:9
BRDA:16,0,0,0
BRDA:16,0,1,11
BRDA:20,1,0,0
BRDA:20,1,1,7
BRF:4
BRH:2
end_of_record
TN:
SF:server/infra/logger.js
FNF:0
FNH:0
DA:16,3
DA:18,3
DA:19,3
DA:21,3
DA:23,3
DA:25,3
LF:6
LH:6
BRDA:21,0,0,3
BRDA:21,0,1,0
BRDA:21,1,0,0
BRDA:21,1,1,0
BRDA:23,2,0,3
BRDA:23,2,1,3
BRF:6
BRH:3
end_of_record
TN:
SF:server/infra/wsBroadcaster.js
FN:17,WsBroadcaster
FN:20,(anonymous_1)
FN:24,(anonymous_2)
FN:29,broadcast
FN:31,(anonymous_4)
FN:36,connectedCount
FNF:6
FNH:5
FNDA:1,WsBroadcaster
FNDA:4,(anonymous_1)
FNDA:2,(anonymous_2)
FNDA:4,broadcast
FNDA:5,(anonymous_4)
FNDA:0,connectedCount
DA:14,1
DA:15,1
DA:18,1
DA:20,1
DA:21,4
DA:22,4
DA:24,4
DA:25,2
DA:30,4
DA:31,4
DA:32,5
DA:37,0
DA:40,1
DA:43,1
LF:14
LH:13
BRDA:32,0,0,3
BRDA:32,0,1,2
BRF:2
BRH:2
end_of_record
TN:
SF:server/routes/timerRouter.js
FN:13,timerRouter
FN:16,(anonymous_1)
FN:20,(anonymous_2)
FNF:3
FNH:3
FNDA:9,timerRouter
FNDA:1,(anonymous_1)
FNDA:15,(anonymous_2)
DA:10,2
DA:11,2
DA:14,9
DA:16,9
DA:17,1
DA:20,9
DA:21,15
DA:22,15
DA:23,15
DA:24,15
DA:25,12
DA:27,3
DA:28,3
DA:32,9
DA:35,2
LF:15
LH:15
BRDA:21,0,0,15
BRDA:21,0,1,0
BRF:2
BRH:1
end_of_record
TN:
SF:server/usecases/timerService.js
FN:17,(anonymous_0)
FN:18,(anonymous_1)
FN:19,(anonymous_2)
FN:20,(anonymous_3)
FN:21,(anonymous_4)
FN:24,TimerService
FN:24,(anonymous_6)
FN:28,notifyAndSave
FN:33,onTick
FN:41,getState
FN:45,execute
FNF:11
FNH:11
FNDA:11,(anonymous_0)
FNDA:3,(anonymous_1)
FNDA:2,(anonymous_2)
FNDA:2,(anonymous_3)
FNDA:12,(anonymous_4)
FNDA:18,TimerService
FNDA:35,(anonymous_6)
FNDA:41,notifyAndSave
FNDA:14,onTick
FNDA:17,getState
FNDA:32,execute
DA:13,3
DA:14,3
DA:16,3
DA:17,11
DA:18,3
DA:19,2
DA:20,2
DA:21,12
DA:25,18
DA:26,18
DA:29,41
DA:30,41
DA:34,14
DA:35,14
DA:36,14
DA:39,18
DA:42,17
DA:46,32
DA:47,32
DA:49,30
DA:50,30
DA:52,27
DA:53,27
DA:55,27
DA:56,27
DA:58,27
DA:59,27
DA:62,18
DA:65,3
LF:29
LH:29
BRDA:24,0,0,16
BRDA:35,1,0,1
BRDA:35,1,1,13
BRDA:45,2,0,11
BRDA:47,3,0,2
BRDA:47,3,1,30
BRDA:55,4,0,11
BRDA:55,4,1,16
BRDA:55,5,0,27
BRDA:55,5,1,11
BRDA:56,6,0,6
BRDA:56,6,1,21
BRDA:56,7,0,27
BRDA:56,7,1,16
BRF:14
BRH:14
end_of_record
